#
# There is insufficient memory for the Java Runtime Environment to continue.
# Native memory allocation (malloc) failed to allocate 1048576 bytes for AllocateHeap
# Possible reasons:
#   The system is out of physical RAM or swap space
#   The process is running with CompressedOops enabled, and the Java Heap may be blocking the growth of the native heap
# Possible solutions:
#   Reduce memory load on the system
#   Increase physical memory or swap space
#   Check if swap backing store is full
#   Decrease Java heap size (-Xmx/-Xms)
#   Decrease number of Java threads
#   Decrease Java thread stack sizes (-Xss)
#   Set larger code cache with -XX:ReservedCodeCacheSize=
#   JVM is running with Unscaled Compressed Oops mode in which the Java heap is
#     placed in the first 4GB address space. The Java Heap base address is the
#     maximum limit for the native heap growth. Please use -XX:HeapBaseMinAddress
#     to set the Java Heap base and to place the Java Heap above 4GB virtual address.
# This output file may be truncated or incomplete.
#
#  Out of Memory Error (allocation.cpp:44), pid=20640, tid=23376
#
# JRE version: OpenJDK Runtime Environment Temurin-17.0.4.1+1 (17.0.4.1+1) (build 17.0.4.1+1)
# Java VM: OpenJDK 64-Bit Server VM Temurin-17.0.4.1+1 (17.0.4.1+1, mixed mode, emulated-client, tiered, compressed oops, compressed class ptrs, g1 gc, windows-amd64)
# No core dump will be written. Minidumps are not enabled by default on client versions of Windows
#

---------------  S U M M A R Y ------------

Command Line: -Dsts.lsp.client=vscode -Dsts.log.file=/dev/null -XX:TieredStopAtLevel=1 -Xlog:jni+resolve=off -Dspring.config.location=file:c:\Users\consc\.vscode\extensions\pivotal.vscode-spring-boot-1.39.0\language-server\BOOT-INF\classes\application.properties org.springframework.ide.vscode.boot.app.BootLanguageServerBootApp

Host: AMD Ryzen 5 3500U with Radeon Vega Mobile Gfx  , 8 cores, 5G,  Windows 10 , 64 bit Build 19041 (10.0.19041.1889)
Time: Thu Oct  6 09:39:31 2022 W. Europe Summer Time elapsed time: 46998.402831 seconds (0d 13h 3m 18s)

---------------  T H R E A D  ---------------

Current thread (0x000001ac8ef3a9f0):  VMThread "VM Thread" [stack: 0x0000004a2bf00000,0x0000004a2c000000] [id=23376]

Stack: [0x0000004a2bf00000,0x0000004a2c000000]
Native frames: (J=compiled Java code, j=interpreted, Vv=VM code, C=native code)
V  [jvm.dll+0x67731a]
V  [jvm.dll+0x832284]
V  [jvm.dll+0x833a2e]
V  [jvm.dll+0x834093]
V  [jvm.dll+0x245775]
V  [jvm.dll+0xa6393]
V  [jvm.dll+0x2f5933]
V  [jvm.dll+0x2f1640]
V  [jvm.dll+0x2d9d27]
V  [jvm.dll+0x31ce37]
V  [jvm.dll+0x83853b]
V  [jvm.dll+0x839274]
V  [jvm.dll+0x83978c]
V  [jvm.dll+0x839b64]
V  [jvm.dll+0x839c30]
V  [jvm.dll+0x7e240a]
V  [jvm.dll+0x6761a5]
C  [ucrtbase.dll+0x21bb2]
C  [KERNEL32.DLL+0x17034]
C  [ntdll.dll+0x526a1]

VM_Operation (0x0000004a2d6fe9d0): G1CollectFull, mode: safepoint, requested by thread 0x000001ac9017fa90


---------------  P R O C E S S  ---------------

Threads class SMR info:
_java_thread_list=0x000001ac91dbcd00, length=15, elements={
0x000001ac8ef52740, 0x000001ac8ef535b0, 0x000001ac8ef8e130, 0x000001ac8ef8ebf0,
0x000001ac8ef926c0, 0x000001ac8ef97080, 0x000001ac8ef97ae0, 0x000001ac8ef993f0,
0x000001ac8fae64f0, 0x000001ac8fafa010, 0x000001ac904fcf80, 0x000001ac9017fa90,
0x000001ac91085c40, 0x000001ac82e78340, 0x000001ac917d37b0
}

Java Threads: ( => current thread )
  0x000001ac8ef52740 JavaThread "Reference Handler" daemon [_thread_blocked, id=23436, stack(0x0000004a2c000000,0x0000004a2c100000)]
  0x000001ac8ef535b0 JavaThread "Finalizer" daemon [_thread_blocked, id=6976, stack(0x0000004a2c100000,0x0000004a2c200000)]
  0x000001ac8ef8e130 JavaThread "Signal Dispatcher" daemon [_thread_blocked, id=20768, stack(0x0000004a2c200000,0x0000004a2c300000)]
  0x000001ac8ef8ebf0 JavaThread "Attach Listener" daemon [_thread_blocked, id=12504, stack(0x0000004a2c300000,0x0000004a2c400000)]
  0x000001ac8ef926c0 JavaThread "Service Thread" daemon [_thread_blocked, id=14096, stack(0x0000004a2c400000,0x0000004a2c500000)]
  0x000001ac8ef97080 JavaThread "Monitor Deflation Thread" daemon [_thread_blocked, id=22380, stack(0x0000004a2c500000,0x0000004a2c600000)]
  0x000001ac8ef97ae0 JavaThread "C1 CompilerThread0" daemon [_thread_blocked, id=6044, stack(0x0000004a2c600000,0x0000004a2c700000)]
  0x000001ac8ef993f0 JavaThread "Sweeper thread" daemon [_thread_blocked, id=16528, stack(0x0000004a2c700000,0x0000004a2c800000)]
  0x000001ac8fae64f0 JavaThread "Notification Thread" daemon [_thread_blocked, id=18100, stack(0x0000004a2c900000,0x0000004a2ca00000)]
  0x000001ac8fafa010 JavaThread "Common-Cleaner" daemon [_thread_blocked, id=9936, stack(0x0000004a2cb00000,0x0000004a2cc00000)]
  0x000001ac904fcf80 JavaThread "boundedElastic-evictor-1" daemon [_thread_blocked, id=5880, stack(0x0000004a2d500000,0x0000004a2d600000)]
  0x000001ac9017fa90 JavaThread "pool-9-thread-1" [_thread_blocked, id=10932, stack(0x0000004a2d600000,0x0000004a2d700000)]
  0x000001ac91085c40 JavaThread "LanguageServerApp-lifecycle" [_thread_blocked, id=3832, stack(0x0000004a2c800000,0x0000004a2c900000)]
  0x000001ac82e78340 JavaThread "DestroyJavaVM" [_thread_blocked, id=23472, stack(0x0000004a2b900000,0x0000004a2ba00000)]
  0x000001ac917d37b0 JavaThread "pool-10-thread-1" [_thread_in_native, id=9760, stack(0x0000004a2d800000,0x0000004a2d900000)]

Other Threads:
=>0x000001ac8ef3a9f0 VMThread "VM Thread" [stack: 0x0000004a2bf00000,0x0000004a2c000000] [id=23376]
  0x000001ac8fae89d0 WatcherThread [stack: 0x0000004a2ca00000,0x0000004a2cb00000] [id=22100]
  0x000001ac82ec5800 GCTaskThread "GC Thread#0" [stack: 0x0000004a2ba00000,0x0000004a2bb00000] [id=2200]
  0x000001ac903fe350 GCTaskThread "GC Thread#1" [stack: 0x0000004a2cd00000,0x0000004a2ce00000] [id=18088]
  0x000001ac9041b320 GCTaskThread "GC Thread#2" [stack: 0x0000004a2ce00000,0x0000004a2cf00000] [id=19488]
  0x000001ac9041b5d0 GCTaskThread "GC Thread#3" [stack: 0x0000004a2cf00000,0x0000004a2d000000] [id=22292]
  0x000001ac9044c850 GCTaskThread "GC Thread#4" [stack: 0x0000004a2d000000,0x0000004a2d100000] [id=20236]
  0x000001ac9044cb00 GCTaskThread "GC Thread#5" [stack: 0x0000004a2d100000,0x0000004a2d200000] [id=20916]
  0x000001ac91135fa0 GCTaskThread "GC Thread#6" [stack: 0x0000004a2d200000,0x0000004a2d300000] [id=7664]
  0x000001ac91136250 GCTaskThread "GC Thread#7" [stack: 0x0000004a2d300000,0x0000004a2d400000] [id=20748]
  0x000001ac82ed35d0 ConcurrentGCThread "G1 Main Marker" [stack: 0x0000004a2bb00000,0x0000004a2bc00000] [id=8644]
  0x000001ac82ed3fe0 ConcurrentGCThread "G1 Conc#0" [stack: 0x0000004a2bc00000,0x0000004a2bd00000] [id=15964]
  0x000001ac9127aee0 ConcurrentGCThread "G1 Conc#1" [stack: 0x0000004a2d400000,0x0000004a2d500000] [id=16024]
  0x000001ac82f4a140 ConcurrentGCThread "G1 Refine#0" [stack: 0x0000004a2bd00000,0x0000004a2be00000] [id=21324]
  0x000001ac91f51150 ConcurrentGCThread "G1 Refine#1" [stack: 0x0000004a2e800000,0x0000004a2e900000] [id=9132]
  0x000001ac917b7f40 ConcurrentGCThread "G1 Refine#2" [stack: 0x0000004a2b600000,0x0000004a2b700000] [id=20756]
  0x000001ac80c38610 ConcurrentGCThread "G1 Refine#3" [stack: 0x0000004a2b700000,0x0000004a2b800000] [id=15288]
  0x000001ac80c38fd0 ConcurrentGCThread "G1 Refine#4" [stack: 0x0000004a2b800000,0x0000004a2b900000] [id=14276]
  0x000001ac91d25810 ConcurrentGCThread "G1 Refine#5" [stack: 0x0000004a2d700000,0x0000004a2d800000] [id=20276]
  0x000001ac82f4ab60 ConcurrentGCThread "G1 Service" [stack: 0x0000004a2be00000,0x0000004a2bf00000] [id=12656]

Threads with active compile tasks:

VM state: at safepoint (normal execution)

VM Mutex/Monitor currently owned by a thread:  ([mutex/lock_event])
[0x000001ac80c59510] Threads_lock - owner thread: 0x000001ac8ef3a9f0
[0x000001ac82e75400] Heap_lock - owner thread: 0x000001ac9017fa90

Heap address: 0x00000000a0c00000, size: 1524 MB, Compressed Oops mode: 32-bit

CDS archive(s) not mapped
Compressed class space mapped at: 0x0000000100000000-0x0000000140000000, reserved size: 1073741824
Narrow klass base: 0x0000000000000000, Narrow klass shift: 3, Narrow klass range: 0x140000000

GC Precious Log:
 CPUs: 8 total, 8 available
 Memory: 6091M
 Large Page Support: Disabled
 NUMA Support: Disabled
 Compressed Oops: Enabled (32-bit)
 Heap Region Size: 1M
 Heap Min Capacity: 8M
 Heap Initial Capacity: 96M
 Heap Max Capacity: 1524M
 Pre-touch: Disabled
 Parallel Workers: 8
 Concurrent Workers: 2
 Concurrent Refinement Workers: 8
 Periodic GC: Disabled

Heap:
 garbage-first heap   total 78848K, used 23480K [0x00000000a0c00000, 0x0000000100000000)
  region size 1024K, 1 young (1024K), 0 survivors (0K)
 Metaspace       used 41597K, committed 41984K, reserved 1089536K
  class space    used 5728K, committed 5888K, reserved 1048576K

Heap Regions: E=young(eden), S=young(survivor), O=old, HS=humongous(starts), HC=humongous(continues), CS=collection set, F=free, OA=open archive, CA=closed archive, TAMS=top-at-mark-start (previous, next)
|   0|0x00000000a0c00000, 0x00000000a0cfffe8, 0x00000000a0d00000| 99%| O|  |TAMS 0x00000000a0cfffe8, 0x00000000a0c00000| Untracked 
|   1|0x00000000a0d00000, 0x00000000a0e00000, 0x00000000a0e00000|100%| O|  |TAMS 0x00000000a0e00000, 0x00000000a0d00000| Untracked 
|   2|0x00000000a0e00000, 0x00000000a0f00000, 0x00000000a0f00000|100%| O|  |TAMS 0x00000000a0f00000, 0x00000000a0e00000| Untracked 
|   3|0x00000000a0f00000, 0x00000000a0fffff0, 0x00000000a1000000| 99%| O|  |TAMS 0x00000000a0fffff0, 0x00000000a0f00000| Untracked 
|   4|0x00000000a1000000, 0x00000000a1100000, 0x00000000a1100000|100%| O|  |TAMS 0x00000000a1100000, 0x00000000a1000000| Untracked 
|   5|0x00000000a1100000, 0x00000000a11fffe8, 0x00000000a1200000| 99%| O|  |TAMS 0x00000000a11fffe8, 0x00000000a1100000| Untracked 
|   6|0x00000000a1200000, 0x00000000a1300000, 0x00000000a1300000|100%| O|  |TAMS 0x00000000a1300000, 0x00000000a1200000| Untracked 
|   7|0x00000000a1300000, 0x00000000a1400000, 0x00000000a1400000|100%| O|  |TAMS 0x00000000a1400000, 0x00000000a1300000| Untracked 
|   8|0x00000000a1400000, 0x00000000a14fffe8, 0x00000000a1500000| 99%| O|  |TAMS 0x00000000a14fffe8, 0x00000000a1400000| Untracked 
|   9|0x00000000a1500000, 0x00000000a15fffe8, 0x00000000a1600000| 99%| O|  |TAMS 0x00000000a15fffe8, 0x00000000a1500000| Untracked 
|  10|0x00000000a1600000, 0x00000000a16ffff8, 0x00000000a1700000| 99%| O|  |TAMS 0x00000000a16ffff8, 0x00000000a1600000| Untracked 
|  11|0x00000000a1700000, 0x00000000a1800000, 0x00000000a1800000|100%| O|  |TAMS 0x00000000a1800000, 0x00000000a1700000| Untracked 
|  12|0x00000000a1800000, 0x00000000a18ffff0, 0x00000000a1900000| 99%| O|  |TAMS 0x00000000a18ffff0, 0x00000000a1800000| Untracked 
|  13|0x00000000a1900000, 0x00000000a19fff80, 0x00000000a1a00000| 99%| O|  |TAMS 0x00000000a19fff80, 0x00000000a1900000| Untracked 
|  14|0x00000000a1a00000, 0x00000000a1b00000, 0x00000000a1b00000|100%| O|  |TAMS 0x00000000a1b00000, 0x00000000a1a00000| Untracked 
|  15|0x00000000a1b00000, 0x00000000a1bff720, 0x00000000a1c00000| 99%| O|  |TAMS 0x00000000a1bff720, 0x00000000a1b00000| Untracked 
|  16|0x00000000a1c00000, 0x00000000a1d00000, 0x00000000a1d00000|100%| O|  |TAMS 0x00000000a1d00000, 0x00000000a1c00000| Untracked 
|  17|0x00000000a1d00000, 0x00000000a1dfffe8, 0x00000000a1e00000| 99%| O|  |TAMS 0x00000000a1dfffe8, 0x00000000a1d00000| Untracked 
|  18|0x00000000a1e00000, 0x00000000a1efffc8, 0x00000000a1f00000| 99%| O|  |TAMS 0x00000000a1efffc8, 0x00000000a1e00000| Untracked 
|  19|0x00000000a1f00000, 0x00000000a1ffffc8, 0x00000000a2000000| 99%| O|  |TAMS 0x00000000a1ffffc8, 0x00000000a1f00000| Untracked 
|  20|0x00000000a2000000, 0x00000000a20eecd8, 0x00000000a2100000| 93%| O|  |TAMS 0x00000000a2000000, 0x00000000a2000000| Untracked 
|  21|0x00000000a2100000, 0x00000000a2100000, 0x00000000a2200000|  0%| F|  |TAMS 0x00000000a2100000, 0x00000000a2100000| Untracked 
|  22|0x00000000a2200000, 0x00000000a2200000, 0x00000000a2300000|  0%| F|  |TAMS 0x00000000a2200000, 0x00000000a2200000| Untracked 
|  23|0x00000000a2300000, 0x00000000a2300000, 0x00000000a2400000|  0%| F|  |TAMS 0x00000000a2300000, 0x00000000a2300000| Untracked 
|  24|0x00000000a2400000, 0x00000000a2400000, 0x00000000a2500000|  0%| F|  |TAMS 0x00000000a2400000, 0x00000000a2400000| Untracked 
|  25|0x00000000a2500000, 0x00000000a2500000, 0x00000000a2600000|  0%| F|  |TAMS 0x00000000a2500000, 0x00000000a2500000| Untracked 
|  26|0x00000000a2600000, 0x00000000a2600000, 0x00000000a2700000|  0%| F|  |TAMS 0x00000000a2600000, 0x00000000a2600000| Untracked 
|  27|0x00000000a2700000, 0x00000000a2700000, 0x00000000a2800000|  0%| F|  |TAMS 0x00000000a2700000, 0x00000000a2700000| Untracked 
|  28|0x00000000a2800000, 0x00000000a2800000, 0x00000000a2900000|  0%| F|  |TAMS 0x00000000a2800000, 0x00000000a2800000| Untracked 
|  29|0x00000000a2900000, 0x00000000a29ffff8, 0x00000000a2a00000| 99%| O|  |TAMS 0x00000000a29ffff8, 0x00000000a2900000| Untracked 
|  30|0x00000000a2a00000, 0x00000000a2a00000, 0x00000000a2b00000|  0%| F|  |TAMS 0x00000000a2a00000, 0x00000000a2a00000| Untracked 
|  31|0x00000000a2b00000, 0x00000000a2b00000, 0x00000000a2c00000|  0%| F|  |TAMS 0x00000000a2b00000, 0x00000000a2b00000| Untracked 
|  32|0x00000000a2c00000, 0x00000000a2d00000, 0x00000000a2d00000|100%| O|  |TAMS 0x00000000a2d00000, 0x00000000a2c00000| Untracked 
|  33|0x00000000a2d00000, 0x00000000a2d00000, 0x00000000a2e00000|  0%| F|  |TAMS 0x00000000a2d00000, 0x00000000a2d00000| Untracked 
|  34|0x00000000a2e00000, 0x00000000a2e00000, 0x00000000a2f00000|  0%| F|  |TAMS 0x00000000a2e00000, 0x00000000a2e00000| Untracked 
|  35|0x00000000a2f00000, 0x00000000a2f00000, 0x00000000a3000000|  0%| F|  |TAMS 0x00000000a2f00000, 0x00000000a2f00000| Untracked 
|  36|0x00000000a3000000, 0x00000000a3000000, 0x00000000a3100000|  0%| F|  |TAMS 0x00000000a3000000, 0x00000000a3000000| Untracked 
|  37|0x00000000a3100000, 0x00000000a3100000, 0x00000000a3200000|  0%| F|  |TAMS 0x00000000a3100000, 0x00000000a3100000| Untracked 
|  38|0x00000000a3200000, 0x00000000a3200000, 0x00000000a3300000|  0%| F|  |TAMS 0x00000000a3200000, 0x00000000a3200000| Untracked 
|  39|0x00000000a3300000, 0x00000000a3300000, 0x00000000a3400000|  0%| F|  |TAMS 0x00000000a3300000, 0x00000000a3300000| Untracked 
|  40|0x00000000a3400000, 0x00000000a3400000, 0x00000000a3500000|  0%| F|  |TAMS 0x00000000a3400000, 0x00000000a3400000| Untracked 
|  41|0x00000000a3500000, 0x00000000a3500000, 0x00000000a3600000|  0%| F|  |TAMS 0x00000000a3500000, 0x00000000a3500000| Untracked 
|  42|0x00000000a3600000, 0x00000000a3600000, 0x00000000a3700000|  0%| F|  |TAMS 0x00000000a3600000, 0x00000000a3600000| Untracked 
|  43|0x00000000a3700000, 0x00000000a3700000, 0x00000000a3800000|  0%| F|  |TAMS 0x00000000a3700000, 0x00000000a3700000| Untracked 
|  44|0x00000000a3800000, 0x00000000a3800000, 0x00000000a3900000|  0%| F|  |TAMS 0x00000000a3800000, 0x00000000a3800000| Untracked 
|  45|0x00000000a3900000, 0x00000000a3900000, 0x00000000a3a00000|  0%| F|  |TAMS 0x00000000a3900000, 0x00000000a3900000| Untracked 
|  46|0x00000000a3a00000, 0x00000000a3a00000, 0x00000000a3b00000|  0%| F|  |TAMS 0x00000000a3a00000, 0x00000000a3a00000| Untracked 
|  47|0x00000000a3b00000, 0x00000000a3b00000, 0x00000000a3c00000|  0%| F|  |TAMS 0x00000000a3b00000, 0x00000000a3b00000| Untracked 
|  48|0x00000000a3c00000, 0x00000000a3c00000, 0x00000000a3d00000|  0%| F|  |TAMS 0x00000000a3c00000, 0x00000000a3c00000| Untracked 
|  49|0x00000000a3d00000, 0x00000000a3d00000, 0x00000000a3e00000|  0%| F|  |TAMS 0x00000000a3d00000, 0x00000000a3d00000| Untracked 
|  50|0x00000000a3e00000, 0x00000000a3e00000, 0x00000000a3f00000|  0%| F|  |TAMS 0x00000000a3e00000, 0x00000000a3e00000| Untracked 
|  51|0x00000000a3f00000, 0x00000000a3f00000, 0x00000000a4000000|  0%| F|  |TAMS 0x00000000a3f00000, 0x00000000a3f00000| Untracked 
|  52|0x00000000a4000000, 0x00000000a4000000, 0x00000000a4100000|  0%| F|  |TAMS 0x00000000a4000000, 0x00000000a4000000| Untracked 
|  53|0x00000000a4100000, 0x00000000a4100000, 0x00000000a4200000|  0%| F|  |TAMS 0x00000000a4100000, 0x00000000a4100000| Untracked 
|  54|0x00000000a4200000, 0x00000000a4200000, 0x00000000a4300000|  0%| F|  |TAMS 0x00000000a4200000, 0x00000000a4200000| Untracked 
|  55|0x00000000a4300000, 0x00000000a4300000, 0x00000000a4400000|  0%| F|  |TAMS 0x00000000a4300000, 0x00000000a4300000| Untracked 
|  56|0x00000000a4400000, 0x00000000a4400000, 0x00000000a4500000|  0%| F|  |TAMS 0x00000000a4400000, 0x00000000a4400000| Untracked 
|  57|0x00000000a4500000, 0x00000000a4500000, 0x00000000a4600000|  0%| F|  |TAMS 0x00000000a4500000, 0x00000000a4500000| Untracked 
|  58|0x00000000a4600000, 0x00000000a4600000, 0x00000000a4700000|  0%| F|  |TAMS 0x00000000a4600000, 0x00000000a4600000| Untracked 
|  59|0x00000000a4700000, 0x00000000a4700000, 0x00000000a4800000|  0%| F|  |TAMS 0x00000000a4700000, 0x00000000a4700000| Untracked 
|  60|0x00000000a4800000, 0x00000000a4800000, 0x00000000a4900000|  0%| F|  |TAMS 0x00000000a4800000, 0x00000000a4800000| Untracked 
|  61|0x00000000a4900000, 0x00000000a4900000, 0x00000000a4a00000|  0%| F|  |TAMS 0x00000000a4900000, 0x00000000a4900000| Untracked 
|  62|0x00000000a4a00000, 0x00000000a4a00000, 0x00000000a4b00000|  0%| F|  |TAMS 0x00000000a4a00000, 0x00000000a4a00000| Untracked 
|  63|0x00000000a4b00000, 0x00000000a4b00000, 0x00000000a4c00000|  0%| F|  |TAMS 0x00000000a4b00000, 0x00000000a4b00000| Untracked 
|  64|0x00000000a4c00000, 0x00000000a4c00000, 0x00000000a4d00000|  0%| F|  |TAMS 0x00000000a4c00000, 0x00000000a4c00000| Untracked 
|  65|0x00000000a4d00000, 0x00000000a4d00000, 0x00000000a4e00000|  0%| F|  |TAMS 0x00000000a4d00000, 0x00000000a4d00000| Untracked 
|  66|0x00000000a4e00000, 0x00000000a4e00000, 0x00000000a4f00000|  0%| F|  |TAMS 0x00000000a4e00000, 0x00000000a4e00000| Untracked 
|  67|0x00000000a4f00000, 0x00000000a4f00000, 0x00000000a5000000|  0%| F|  |TAMS 0x00000000a4f00000, 0x00000000a4f00000| Untracked 
|  68|0x00000000a5000000, 0x00000000a5000000, 0x00000000a5100000|  0%| F|  |TAMS 0x00000000a5000000, 0x00000000a5000000| Untracked 
|  69|0x00000000a5100000, 0x00000000a5100000, 0x00000000a5200000|  0%| F|  |TAMS 0x00000000a5100000, 0x00000000a5100000| Untracked 
|  70|0x00000000a5200000, 0x00000000a5200000, 0x00000000a5300000|  0%| F|  |TAMS 0x00000000a5200000, 0x00000000a5200000| Untracked 
|  71|0x00000000a5300000, 0x00000000a5300000, 0x00000000a5400000|  0%| F|  |TAMS 0x00000000a5300000, 0x00000000a5300000| Untracked 
|  72|0x00000000a5400000, 0x00000000a5400000, 0x00000000a5500000|  0%| F|  |TAMS 0x00000000a5400000, 0x00000000a5400000| Untracked 
|  73|0x00000000a5500000, 0x00000000a5500000, 0x00000000a5600000|  0%| F|  |TAMS 0x00000000a5500000, 0x00000000a5500000| Untracked 
|  74|0x00000000a5600000, 0x00000000a5600000, 0x00000000a5700000|  0%| F|  |TAMS 0x00000000a5600000, 0x00000000a5600000| Untracked 
|  75|0x00000000a5700000, 0x00000000a5700000, 0x00000000a5800000|  0%| F|  |TAMS 0x00000000a5700000, 0x00000000a5700000| Untracked 
|  76|0x00000000a5800000, 0x00000000a5808698, 0x00000000a5900000|  3%| E|  |TAMS 0x00000000a5800000, 0x00000000a5800000| Complete 

Card table byte_map: [0x000001ac88f20000,0x000001ac89220000] _byte_map_base: 0x000001ac88a1a000

Marking Bits (Prev, Next): (CMBitMap*) 0x000001ac82ec6e60, (CMBitMap*) 0x000001ac82ec6e20
 Prev Bits: [0x000001ac8acf0000, 0x000001ac8c4c0000)
 Next Bits: [0x000001ac89520000, 0x000001ac8acf0000)

Polling page: 0x000001ac80e30000

Metaspace:

Usage:
  Non-class:     35.03 MB used.
      Class:      5.59 MB used.
       Both:     40.62 MB used.

Virtual space:
  Non-class space:       40.00 MB reserved,      35.25 MB ( 88%) committed,  5 nodes.
      Class space:        1.00 GB reserved,       5.75 MB ( <1%) committed,  1 nodes.
             Both:        1.04 GB reserved,      41.00 MB (  4%) committed. 

Chunk freelists:
   Non-Class:  624.00 KB
       Class:  2.25 MB
        Both:  2.86 MB

MaxMetaspaceSize: unlimited
CompressedClassSpaceSize: 1.00 GB
Initial GC threshold: 21.00 MB
Current GC threshold: 68.38 MB
CDS: off
MetaspaceReclaimPolicy: balanced
 - commit_granule_bytes: 65536.
 - commit_granule_words: 8192.
 - virtual_space_node_default_size: 1048576.
 - enlarge_chunks_in_place: 1.
 - new_chunks_are_fully_committed: 0.
 - uncommit_free_chunks: 1.
 - use_allocation_guard: 0.
 - handle_deallocations: 1.


Internal statistics:

num_allocs_failed_limit: 3.
num_arena_births: 410.
num_arena_deaths: 104.
num_vsnodes_births: 6.
num_vsnodes_deaths: 0.
num_space_committed: 656.
num_space_uncommitted: 0.
num_chunks_returned_to_freelist: 134.
num_chunks_taken_from_freelist: 1681.
num_chunk_merges: 47.
num_chunk_splits: 1163.
num_chunks_enlarged: 888.
num_purges: 12.
num_inconsistent_stats: 0.

CodeCache: size=49152Kb used=10635Kb max_used=10976Kb free=38516Kb
 bounds [0x000001ac85b10000, 0x000001ac865d0000, 0x000001ac88b10000]
 total_blobs=6219 nmethods=5670 adapters=476
 compilation: enabled
              stopped_count=0, restarted_count=0
 full_count=0

Compilation events (20 events):
Event: 2760.907 Thread 0x000001ac8ef97ae0 5667       1       java.lang.invoke.LambdaForm$DMH/0x00000001005c9800::newInvokeSpecial (23 bytes)
Event: 2760.907 Thread 0x000001ac8ef97ae0 nmethod 5667 0x000001ac862d7590 code [0x000001ac862d7740, 0x000001ac862d78c8]
Event: 2761.136 Thread 0x000001ac8ef97ae0 5668   !   1       java.io.FilterOutputStream::close (183 bytes)
Event: 2761.199 Thread 0x000001ac8ef97ae0 nmethod 5668 0x000001ac862d6410 code [0x000001ac862d6620, 0x000001ac862d6af8]
Event: 2761.199 Thread 0x000001ac8ef97ae0 5673       1       java.lang.ProcessImpl$$Lambda$526/0x000000010046c348::run (8 bytes)
Event: 2761.199 Thread 0x000001ac8ef97ae0 nmethod 5673 0x000001ac862d6110 code [0x000001ac862d62a0, 0x000001ac862d6388]
Event: 2761.199 Thread 0x000001ac8ef97ae0 5674       1       java.lang.ProcessImpl::lambda$new$0 (6 bytes)
Event: 2761.200 Thread 0x000001ac8ef97ae0 nmethod 5674 0x000001ac862d5e10 code [0x000001ac862d5fa0, 0x000001ac862d6068]
Event: 2761.200 Thread 0x000001ac8ef97ae0 5669   !   1       java.io.FileOutputStream::close (69 bytes)
Event: 2761.202 Thread 0x000001ac8ef97ae0 nmethod 5669 0x000001ac862d5790 code [0x000001ac862d5960, 0x000001ac862d5cd8]
Event: 2761.202 Thread 0x000001ac8ef97ae0 5670       1       java.io.FileOutputStream$1::<init> (10 bytes)
Event: 2761.202 Thread 0x000001ac8ef97ae0 nmethod 5670 0x000001ac862d5490 code [0x000001ac862d5620, 0x000001ac862d5738]
Event: 2761.202 Thread 0x000001ac8ef97ae0 5671       1       java.io.FileOutputStream$1::close (11 bytes)
Event: 2761.203 Thread 0x000001ac8ef97ae0 nmethod 5671 0x000001ac862d4e10 code [0x000001ac862d4fc0, 0x000001ac862d52d8]
Event: 4088.232 Thread 0x000001ac8ef97ae0 5677       1       java.lang.ProcessImpl$2::run (242 bytes)
Event: 4088.255 Thread 0x000001ac8ef97ae0 nmethod 5677 0x000001ac862d2f90 code [0x000001ac862d3240, 0x000001ac862d3fd8]
Event: 4088.256 Thread 0x000001ac8ef97ae0 5678       1       java.io.BufferedOutputStream::<init> (9 bytes)
Event: 4088.256 Thread 0x000001ac8ef97ae0 nmethod 5678 0x000001ac862d2a10 code [0x000001ac862d2ba0, 0x000001ac862d2e78]
Event: 4088.256 Thread 0x000001ac8ef97ae0 5679       1       java.lang.ProcessImpl::waitFor (136 bytes)
Event: 4088.262 Thread 0x000001ac8ef97ae0 nmethod 5679 0x000001ac862d2190 code [0x000001ac862d23a0, 0x000001ac862d2798]

GC Heap History (20 events):
Event: 46894.927 GC heap before
{Heap before GC invocations=1860 (full 1821):
 garbage-first heap   total 78848K, used 23480K [0x00000000a0c00000, 0x0000000100000000)
  region size 1024K, 1 young (1024K), 0 survivors (0K)
 Metaspace       used 41597K, committed 41984K, reserved 1089536K
  class space    used 5728K, committed 5888K, reserved 1048576K
}
Event: 46894.963 GC heap after
{Heap after GC invocations=1861 (full 1822):
 garbage-first heap   total 78848K, used 23480K [0x00000000a0c00000, 0x0000000100000000)
  region size 1024K, 0 young (0K), 0 survivors (0K)
 Metaspace       used 41597K, committed 41984K, reserved 1089536K
  class space    used 5728K, committed 5888K, reserved 1048576K
}
Event: 46905.168 GC heap before
{Heap before GC invocations=1861 (full 1822):
 garbage-first heap   total 78848K, used 23480K [0x00000000a0c00000, 0x0000000100000000)
  region size 1024K, 1 young (1024K), 0 survivors (0K)
 Metaspace       used 41597K, committed 41984K, reserved 1089536K
  class space    used 5728K, committed 5888K, reserved 1048576K
}
Event: 46905.207 GC heap after
{Heap after GC invocations=1862 (full 1823):
 garbage-first heap   total 78848K, used 23480K [0x00000000a0c00000, 0x0000000100000000)
  region size 1024K, 0 young (0K), 0 survivors (0K)
 Metaspace       used 41597K, committed 41984K, reserved 1089536K
  class space    used 5728K, committed 5888K, reserved 1048576K
}
Event: 46915.903 GC heap before
{Heap before GC invocations=1862 (full 1823):
 garbage-first heap   total 78848K, used 23480K [0x00000000a0c00000, 0x0000000100000000)
  region size 1024K, 1 young (1024K), 0 survivors (0K)
 Metaspace       used 41597K, committed 41984K, reserved 1089536K
  class space    used 5728K, committed 5888K, reserved 1048576K
}
Event: 46915.950 GC heap after
{Heap after GC invocations=1863 (full 1824):
 garbage-first heap   total 78848K, used 23480K [0x00000000a0c00000, 0x0000000100000000)
  region size 1024K, 0 young (0K), 0 survivors (0K)
 Metaspace       used 41597K, committed 41984K, reserved 1089536K
  class space    used 5728K, committed 5888K, reserved 1048576K
}
Event: 46926.161 GC heap before
{Heap before GC invocations=1863 (full 1824):
 garbage-first heap   total 78848K, used 23480K [0x00000000a0c00000, 0x0000000100000000)
  region size 1024K, 1 young (1024K), 0 survivors (0K)
 Metaspace       used 41597K, committed 41984K, reserved 1089536K
  class space    used 5728K, committed 5888K, reserved 1048576K
}
Event: 46926.198 GC heap after
{Heap after GC invocations=1864 (full 1825):
 garbage-first heap   total 78848K, used 23480K [0x00000000a0c00000, 0x0000000100000000)
  region size 1024K, 0 young (0K), 0 survivors (0K)
 Metaspace       used 41597K, committed 41984K, reserved 1089536K
  class space    used 5728K, committed 5888K, reserved 1048576K
}
Event: 46936.673 GC heap before
{Heap before GC invocations=1864 (full 1825):
 garbage-first heap   total 78848K, used 23480K [0x00000000a0c00000, 0x0000000100000000)
  region size 1024K, 1 young (1024K), 0 survivors (0K)
 Metaspace       used 41597K, committed 41984K, reserved 1089536K
  class space    used 5728K, committed 5888K, reserved 1048576K
}
Event: 46936.756 GC heap after
{Heap after GC invocations=1865 (full 1826):
 garbage-first heap   total 78848K, used 23480K [0x00000000a0c00000, 0x0000000100000000)
  region size 1024K, 0 young (0K), 0 survivors (0K)
 Metaspace       used 41597K, committed 41984K, reserved 1089536K
  class space    used 5728K, committed 5888K, reserved 1048576K
}
Event: 46947.073 GC heap before
{Heap before GC invocations=1865 (full 1826):
 garbage-first heap   total 78848K, used 23480K [0x00000000a0c00000, 0x0000000100000000)
  region size 1024K, 1 young (1024K), 0 survivors (0K)
 Metaspace       used 41597K, committed 41984K, reserved 1089536K
  class space    used 5728K, committed 5888K, reserved 1048576K
}
Event: 46947.130 GC heap after
{Heap after GC invocations=1866 (full 1827):
 garbage-first heap   total 78848K, used 23480K [0x00000000a0c00000, 0x0000000100000000)
  region size 1024K, 0 young (0K), 0 survivors (0K)
 Metaspace       used 41597K, committed 41984K, reserved 1089536K
  class space    used 5728K, committed 5888K, reserved 1048576K
}
Event: 46957.601 GC heap before
{Heap before GC invocations=1866 (full 1827):
 garbage-first heap   total 78848K, used 23480K [0x00000000a0c00000, 0x0000000100000000)
  region size 1024K, 1 young (1024K), 0 survivors (0K)
 Metaspace       used 41597K, committed 41984K, reserved 1089536K
  class space    used 5728K, committed 5888K, reserved 1048576K
}
Event: 46957.638 GC heap after
{Heap after GC invocations=1867 (full 1828):
 garbage-first heap   total 78848K, used 23480K [0x00000000a0c00000, 0x0000000100000000)
  region size 1024K, 0 young (0K), 0 survivors (0K)
 Metaspace       used 41597K, committed 41984K, reserved 1089536K
  class space    used 5728K, committed 5888K, reserved 1048576K
}
Event: 46967.835 GC heap before
{Heap before GC invocations=1867 (full 1828):
 garbage-first heap   total 78848K, used 23480K [0x00000000a0c00000, 0x0000000100000000)
  region size 1024K, 1 young (1024K), 0 survivors (0K)
 Metaspace       used 41597K, committed 41984K, reserved 1089536K
  class space    used 5728K, committed 5888K, reserved 1048576K
}
Event: 46967.869 GC heap after
{Heap after GC invocations=1868 (full 1829):
 garbage-first heap   total 78848K, used 23480K [0x00000000a0c00000, 0x0000000100000000)
  region size 1024K, 0 young (0K), 0 survivors (0K)
 Metaspace       used 41597K, committed 41984K, reserved 1089536K
  class space    used 5728K, committed 5888K, reserved 1048576K
}
Event: 46978.050 GC heap before
{Heap before GC invocations=1868 (full 1829):
 garbage-first heap   total 78848K, used 23480K [0x00000000a0c00000, 0x0000000100000000)
  region size 1024K, 1 young (1024K), 0 survivors (0K)
 Metaspace       used 41597K, committed 41984K, reserved 1089536K
  class space    used 5728K, committed 5888K, reserved 1048576K
}
Event: 46978.082 GC heap after
{Heap after GC invocations=1869 (full 1830):
 garbage-first heap   total 78848K, used 23480K [0x00000000a0c00000, 0x0000000100000000)
  region size 1024K, 0 young (0K), 0 survivors (0K)
 Metaspace       used 41597K, committed 41984K, reserved 1089536K
  class space    used 5728K, committed 5888K, reserved 1048576K
}
Event: 46988.277 GC heap before
{Heap before GC invocations=1869 (full 1830):
 garbage-first heap   total 78848K, used 23480K [0x00000000a0c00000, 0x0000000100000000)
  region size 1024K, 1 young (1024K), 0 survivors (0K)
 Metaspace       used 41597K, committed 41984K, reserved 1089536K
  class space    used 5728K, committed 5888K, reserved 1048576K
}
Event: 46988.311 GC heap after
{Heap after GC invocations=1870 (full 1831):
 garbage-first heap   total 78848K, used 23480K [0x00000000a0c00000, 0x0000000100000000)
  region size 1024K, 0 young (0K), 0 survivors (0K)
 Metaspace       used 41597K, committed 41984K, reserved 1089536K
  class space    used 5728K, committed 5888K, reserved 1048576K
}

Deoptimization events (20 events):
Event: 19.571 Thread 0x000001ac82e78340 DEOPT PACKING pc=0x000001ac85f46919 sp=0x0000004a2b9fd600
Event: 19.571 Thread 0x000001ac82e78340 DEOPT UNPACKING pc=0x000001ac85b62b43 sp=0x0000004a2b9fcae0 mode 3
Event: 31.244 Thread 0x000001ac82e78340 DEOPT PACKING pc=0x000001ac860ea099 sp=0x0000004a2b9fc9e0
Event: 31.244 Thread 0x000001ac82e78340 DEOPT UNPACKING pc=0x000001ac85b62b43 sp=0x0000004a2b9fbec0 mode 3
Event: 33.350 Thread 0x000001ac913b0f30 DEOPT PACKING pc=0x000001ac8619aa2b sp=0x0000004a2ccfe940
Event: 33.350 Thread 0x000001ac913b0f30 DEOPT UNPACKING pc=0x000001ac85b62b43 sp=0x0000004a2ccfde88 mode 3
Event: 38.899 Thread 0x000001ac91803120 DEOPT PACKING pc=0x000001ac85f45781 sp=0x0000004a2e4fed60
Event: 38.912 Thread 0x000001ac91803120 DEOPT UNPACKING pc=0x000001ac85b62b43 sp=0x0000004a2e4fe1f0 mode 3
Event: 44.784 Thread 0x000001ac917f0260 DEOPT PACKING pc=0x000001ac85f43197 sp=0x0000004a2dcfef70
Event: 44.784 Thread 0x000001ac917f0260 DEOPT UNPACKING pc=0x000001ac85b62b43 sp=0x0000004a2dcfe3c8 mode 3
Event: 80.886 Thread 0x000001ac913b0f30 DEOPT PACKING pc=0x000001ac85f35552 sp=0x0000004a2ccfd8e0
Event: 80.886 Thread 0x000001ac913b0f30 DEOPT UNPACKING pc=0x000001ac85b62b43 sp=0x0000004a2ccfcde8 mode 3
Event: 82.086 Thread 0x000001ac913b0f30 DEOPT PACKING pc=0x000001ac86588bf4 sp=0x0000004a2ccfe150
Event: 82.086 Thread 0x000001ac913b0f30 DEOPT UNPACKING pc=0x000001ac85b62b43 sp=0x0000004a2ccfd648 mode 0
Event: 82.087 Thread 0x000001ac913b0f30 DEOPT PACKING pc=0x000001ac8659ca74 sp=0x0000004a2ccfe220
Event: 82.087 Thread 0x000001ac913b0f30 DEOPT UNPACKING pc=0x000001ac85b62b43 sp=0x0000004a2ccfd6f8 mode 0
Event: 82.087 Thread 0x000001ac913b0f30 DEOPT PACKING pc=0x000001ac8653faa4 sp=0x0000004a2ccfe2d0
Event: 82.087 Thread 0x000001ac913b0f30 DEOPT UNPACKING pc=0x000001ac85b62b43 sp=0x0000004a2ccfd850 mode 0
Event: 82.088 Thread 0x000001ac913b0f30 DEOPT PACKING pc=0x000001ac8656baac sp=0x0000004a2ccfe5d0
Event: 82.088 Thread 0x000001ac913b0f30 DEOPT UNPACKING pc=0x000001ac85b62b43 sp=0x0000004a2ccfda60 mode 0

Classes unloaded (20 events):
Event: 143.611 Thread 0x000001ac8ef3a9f0 Unloading class 0x0000000100580000 'jdk/internal/reflect/GeneratedMethodAccessor29'
Event: 154.574 Thread 0x000001ac8ef3a9f0 Unloading class 0x00000001005c9c00 'java/lang/invoke/LambdaForm$DMH+0x00000001005c9c00'
Event: 154.574 Thread 0x000001ac8ef3a9f0 Unloading class 0x00000001005c8000 'java/lang/invoke/LambdaForm$MH+0x00000001005c8000'
Event: 154.574 Thread 0x000001ac8ef3a9f0 Unloading class 0x00000001005c3c00 'java/lang/invoke/LambdaForm$MH+0x00000001005c3c00'
Event: 154.574 Thread 0x000001ac8ef3a9f0 Unloading class 0x00000001005c3800 'java/lang/invoke/LambdaForm$MH+0x00000001005c3800'
Event: 154.575 Thread 0x000001ac8ef3a9f0 Unloading class 0x00000001005c3400 'java/lang/invoke/LambdaForm$MH+0x00000001005c3400'
Event: 154.575 Thread 0x000001ac8ef3a9f0 Unloading class 0x00000001005c3000 'java/lang/invoke/LambdaForm$MH+0x00000001005c3000'
Event: 154.575 Thread 0x000001ac8ef3a9f0 Unloading class 0x00000001005c2c00 'java/lang/invoke/LambdaForm$MH+0x00000001005c2c00'
Event: 154.575 Thread 0x000001ac8ef3a9f0 Unloading class 0x00000001005c2800 'jdk/internal/reflect/GeneratedConstructorAccessor27'
Event: 154.575 Thread 0x000001ac8ef3a9f0 Unloading class 0x00000001005c2400 'jdk/internal/reflect/GeneratedConstructorAccessor26'
Event: 154.575 Thread 0x000001ac8ef3a9f0 Unloading class 0x00000001005c2000 'jdk/internal/reflect/GeneratedConstructorAccessor25'
Event: 154.575 Thread 0x000001ac8ef3a9f0 Unloading class 0x00000001005c1c00 'jdk/internal/reflect/GeneratedConstructorAccessor24'
Event: 154.575 Thread 0x000001ac8ef3a9f0 Unloading class 0x00000001005c1800 'jdk/internal/reflect/GeneratedConstructorAccessor23'
Event: 154.575 Thread 0x000001ac8ef3a9f0 Unloading class 0x00000001005c1400 'jdk/internal/reflect/GeneratedConstructorAccessor22'
Event: 154.575 Thread 0x000001ac8ef3a9f0 Unloading class 0x00000001005c1000 'jdk/internal/reflect/GeneratedConstructorAccessor21'
Event: 154.575 Thread 0x000001ac8ef3a9f0 Unloading class 0x00000001005c0c00 'jdk/internal/reflect/GeneratedConstructorAccessor20'
Event: 154.575 Thread 0x000001ac8ef3a9f0 Unloading class 0x00000001005c0800 'jdk/internal/reflect/GeneratedConstructorAccessor19'
Event: 154.575 Thread 0x000001ac8ef3a9f0 Unloading class 0x00000001005c0400 'jdk/internal/reflect/GeneratedConstructorAccessor18'
Event: 154.575 Thread 0x000001ac8ef3a9f0 Unloading class 0x000000010034d000 'java/lang/invoke/LambdaForm$MH+0x000000010034d000'
Event: 154.575 Thread 0x000001ac8ef3a9f0 Unloading class 0x00000001000d0000 'java/lang/invoke/LambdaForm$MH+0x00000001000d0000'

Classes redefined (0 events):
No events

Internal exceptions (20 events):
Event: 78.615 Thread 0x000001ac9188f410 Exception <a 'sun/nio/fs/WindowsException'{0x00000000bf3d1ae0}> (0x00000000bf3d1ae0) 
thrown [s\src\hotspot\share\prims\jni.cpp, line 516]
Event: 78.616 Thread 0x000001ac9188f410 Exception <a 'sun/nio/fs/WindowsException'{0x00000000bf3d24e0}> (0x00000000bf3d24e0) 
thrown [s\src\hotspot\share\prims\jni.cpp, line 516]
Event: 78.617 Thread 0x000001ac9188f410 Exception <a 'sun/nio/fs/WindowsException'{0x00000000bf3d28a0}> (0x00000000bf3d28a0) 
thrown [s\src\hotspot\share\prims\jni.cpp, line 516]
Event: 78.617 Thread 0x000001ac9188f410 Exception <a 'sun/nio/fs/WindowsException'{0x00000000bf3d32a0}> (0x00000000bf3d32a0) 
thrown [s\src\hotspot\share\prims\jni.cpp, line 516]
Event: 78.618 Thread 0x000001ac9188f410 Exception <a 'sun/nio/fs/WindowsException'{0x00000000bf3d3650}> (0x00000000bf3d3650) 
thrown [s\src\hotspot\share\prims\jni.cpp, line 516]
Event: 78.618 Thread 0x000001ac9188f410 Exception <a 'sun/nio/fs/WindowsException'{0x00000000bf3d4050}> (0x00000000bf3d4050) 
thrown [s\src\hotspot\share\prims\jni.cpp, line 516]
Event: 78.619 Thread 0x000001ac9188f410 Exception <a 'sun/nio/fs/WindowsException'{0x00000000bf3d4410}> (0x00000000bf3d4410) 
thrown [s\src\hotspot\share\prims\jni.cpp, line 516]
Event: 78.620 Thread 0x000001ac9188e5a0 Exception <a 'java/lang/NoSuchMethodError'{0x00000000bf208018}: 'java.lang.Object java.lang.invoke.Invokers$Holder.invoke_MT(java.lang.Object, java.lang.Object, java.lang.Object)'> (0x00000000bf208018) 
thrown [s\src\hotspot\share\interpreter\linkResolver.cpp, line 759]
Event: 78.621 Thread 0x000001ac9188f410 Exception <a 'sun/nio/fs/WindowsException'{0x00000000bf3d4e38}> (0x00000000bf3d4e38) 
thrown [s\src\hotspot\share\prims\jni.cpp, line 516]
Event: 78.622 Thread 0x000001ac9188f410 Exception <a 'sun/nio/fs/WindowsException'{0x00000000bf3d5218}> (0x00000000bf3d5218) 
thrown [s\src\hotspot\share\prims\jni.cpp, line 516]
Event: 78.625 Thread 0x000001ac9188f410 Exception <a 'sun/nio/fs/WindowsException'{0x00000000bf3d5c50}> (0x00000000bf3d5c50) 
thrown [s\src\hotspot\share\prims\jni.cpp, line 516]
Event: 78.631 Thread 0x000001ac9188f410 Exception <a 'sun/nio/fs/WindowsException'{0x00000000bf3d6040}> (0x00000000bf3d6040) 
thrown [s\src\hotspot\share\prims\jni.cpp, line 516]
Event: 78.635 Thread 0x000001ac9188f410 Exception <a 'sun/nio/fs/WindowsException'{0x00000000bf3d6a68}> (0x00000000bf3d6a68) 
thrown [s\src\hotspot\share\prims\jni.cpp, line 516]
Event: 78.637 Thread 0x000001ac9188f410 Exception <a 'sun/nio/fs/WindowsException'{0x00000000bf3d6e58}> (0x00000000bf3d6e58) 
thrown [s\src\hotspot\share\prims\jni.cpp, line 516]
Event: 82.554 Thread 0x000001ac9017fa90 Exception <a 'java/lang/NoSuchMethodError'{0x00000000c1c09bc0}: 'void java.lang.invoke.DirectMethodHandle$Holder.invokeStatic(java.lang.Object, long)'> (0x00000000c1c09bc0) 
thrown [s\src\hotspot\share\interpreter\linkResolver.cpp, line 759]
Event: 82.555 Thread 0x000001ac9017fa90 Exception <a 'java/lang/NoSuchMethodError'{0x00000000c1c0ef68}: 'java.lang.Object java.lang.invoke.DirectMethodHandle$Holder.newInvokeSpecial(java.lang.Object, long)'> (0x00000000c1c0ef68) 
thrown [s\src\hotspot\share\interpreter\linkResolver.cpp, line 759]
Event: 82.559 Thread 0x000001ac9017fa90 Exception <a 'java/lang/NoSuchMethodError'{0x00000000c1c15ae0}: 'java.lang.Object java.lang.invoke.DirectMethodHandle$Holder.invokeStatic(java.lang.Object, java.lang.Object, long, java.lang.Object)'> (0x00000000c1c15ae0) 
thrown [s\src\hotspot\share\interpreter\linkResolver.cpp, line 759]
Event: 82.560 Thread 0x000001ac9017fa90 Exception <a 'java/lang/NoSuchMethodError'{0x00000000c1b847c8}: 'java.lang.Object java.lang.invoke.DirectMethodHandle$Holder.invokeStaticInit(java.lang.Object, java.lang.Object, long, java.lang.Object)'> (0x00000000c1b847c8) 
thrown [s\src\hotspot\share\interpreter\linkResolver.cpp, line 759]
Event: 82.561 Thread 0x000001ac9017fa90 Exception <a 'java/lang/NoSuchMethodError'{0x00000000c1b8aaf8}: 'java.lang.Object java.lang.invoke.DirectMethodHandle$Holder.newInvokeSpecial(java.lang.Object, java.lang.Object, long)'> (0x00000000c1b8aaf8) 
thrown [s\src\hotspot\share\interpreter\linkResolver.cpp, line 759]
Event: 82.561 Thread 0x000001ac9017fa90 Exception <a 'java/lang/NoSuchMethodError'{0x00000000c1b8e668}: 'java.lang.Object java.lang.invoke.Invokers$Holder.linkToTargetMethod(java.lang.Object, long, java.lang.Object)'> (0x00000000c1b8e668) 
thrown [s\src\hotspot\share\interpreter\linkResolver.cpp, line 759]

VM Operations (20 events):
Event: 46894.963 Executing VM operation: G1CollectFull done
Event: 46905.168 Executing VM operation: G1CollectFull
Event: 46905.207 Executing VM operation: G1CollectFull done
Event: 46915.903 Executing VM operation: G1CollectFull
Event: 46915.950 Executing VM operation: G1CollectFull done
Event: 46926.161 Executing VM operation: G1CollectFull
Event: 46926.198 Executing VM operation: G1CollectFull done
Event: 46936.673 Executing VM operation: G1CollectFull
Event: 46936.756 Executing VM operation: G1CollectFull done
Event: 46947.072 Executing VM operation: G1CollectFull
Event: 46947.130 Executing VM operation: G1CollectFull done
Event: 46957.601 Executing VM operation: G1CollectFull
Event: 46957.638 Executing VM operation: G1CollectFull done
Event: 46967.835 Executing VM operation: G1CollectFull
Event: 46967.869 Executing VM operation: G1CollectFull done
Event: 46978.050 Executing VM operation: G1CollectFull
Event: 46978.082 Executing VM operation: G1CollectFull done
Event: 46988.277 Executing VM operation: G1CollectFull
Event: 46988.311 Executing VM operation: G1CollectFull done
Event: 46998.390 Executing VM operation: G1CollectFull

Events (20 events):
Event: 82.478 loading class java/lang/ProcessBuilder
Event: 82.479 loading class java/lang/ProcessBuilder done
Event: 82.479 loading class java/lang/ProcessImpl
Event: 82.479 loading class java/lang/Process
Event: 82.480 loading class java/lang/Process done
Event: 82.480 loading class java/lang/ProcessImpl done
Event: 82.556 loading class java/lang/ProcessHandleImpl
Event: 82.557 loading class java/lang/ProcessHandle
Event: 82.558 loading class java/lang/ProcessHandle done
Event: 82.558 loading class java/lang/ProcessHandleImpl done
Event: 82.562 loading class java/lang/ProcessImpl$2
Event: 82.566 loading class java/lang/ProcessImpl$2 done
Event: 82.567 loading class java/lang/Process$PipeInputStream
Event: 82.567 loading class java/lang/Process$PipeInputStream done
Event: 82.568 loading class jdk/internal/event/ProcessStartEvent
Event: 82.568 loading class jdk/internal/event/ProcessStartEvent done
Event: 86.343 loading class java/io/FileOutputStream$1
Event: 86.343 loading class java/io/FileOutputStream$1 done
Event: 87.679 Thread 0x000001ac917b6090 Thread exited: 0x000001ac917b6090
Event: 142.685 Thread 0x000001ac913b0f30 Thread exited: 0x000001ac913b0f30


Dynamic libraries:
0x00007ff7a5fa0000 - 0x00007ff7a5fae000 	c:\Users\consc\.vscode\extensions\redhat.java-1.11.0-win32-x64\jre\17.0.4.1-win32-x86_64\bin\java.exe
0x00007fffb84f0000 - 0x00007fffb86e8000 	C:\Windows\SYSTEM32\ntdll.dll
0x00007fffb8390000 - 0x00007fffb844d000 	C:\Windows\System32\KERNEL32.DLL
0x00007fffb5c80000 - 0x00007fffb5f4e000 	C:\Windows\System32\KERNELBASE.dll
0x00007fffb6310000 - 0x00007fffb6410000 	C:\Windows\System32\ucrtbase.dll
0x00007fffb3100000 - 0x00007fffb3118000 	c:\Users\consc\.vscode\extensions\redhat.java-1.11.0-win32-x64\jre\17.0.4.1-win32-x86_64\bin\jli.dll
0x00007fffa4830000 - 0x00007fffa4849000 	c:\Users\consc\.vscode\extensions\redhat.java-1.11.0-win32-x64\jre\17.0.4.1-win32-x86_64\bin\VCRUNTIME140.dll
0x00007fffb7550000 - 0x00007fffb76f0000 	C:\Windows\System32\USER32.dll
0x00007fffb64a0000 - 0x00007fffb64c2000 	C:\Windows\System32\win32u.dll
0x00007fffa4300000 - 0x00007fffa459a000 	C:\Windows\WinSxS\amd64_microsoft.windows.common-controls_6595b64144ccf1df_6.0.19041.1110_none_60b5254171f9507e\COMCTL32.dll
0x00007fffb6e60000 - 0x00007fffb6efe000 	C:\Windows\System32\msvcrt.dll
0x00007fffb6f00000 - 0x00007fffb6f2a000 	C:\Windows\System32\GDI32.dll
0x00007fffb6000000 - 0x00007fffb610b000 	C:\Windows\System32\gdi32full.dll
0x00007fffb6270000 - 0x00007fffb630d000 	C:\Windows\System32\msvcp_win.dll
0x00007fffb8360000 - 0x00007fffb8390000 	C:\Windows\System32\IMM32.DLL
0x00007fffb3150000 - 0x00007fffb315c000 	c:\Users\consc\.vscode\extensions\redhat.java-1.11.0-win32-x64\jre\17.0.4.1-win32-x86_64\bin\vcruntime140_1.dll
0x00007fff94000000 - 0x00007fff94091000 	c:\Users\consc\.vscode\extensions\redhat.java-1.11.0-win32-x64\jre\17.0.4.1-win32-x86_64\bin\msvcp140.dll
0x00007fff2fd60000 - 0x00007fff309a6000 	c:\Users\consc\.vscode\extensions\redhat.java-1.11.0-win32-x64\jre\17.0.4.1-win32-x86_64\bin\server\jvm.dll
0x00007fffb6770000 - 0x00007fffb681e000 	C:\Windows\System32\ADVAPI32.dll
0x00007fffb8130000 - 0x00007fffb81cc000 	C:\Windows\System32\sechost.dll
0x00007fffb76f0000 - 0x00007fffb7815000 	C:\Windows\System32\RPCRT4.dll
0x00007fffb6c60000 - 0x00007fffb6c68000 	C:\Windows\System32\PSAPI.DLL
0x00007fffb31d0000 - 0x00007fffb31d9000 	C:\Windows\SYSTEM32\WSOCK32.dll
0x00007fffb6f30000 - 0x00007fffb6f9b000 	C:\Windows\System32\WS2_32.dll
0x00007fffaab80000 - 0x00007fffaaba7000 	C:\Windows\SYSTEM32\WINMM.dll
0x00007fffaabb0000 - 0x00007fffaabba000 	C:\Windows\SYSTEM32\VERSION.dll
0x00007fffb3ac0000 - 0x00007fffb3ad2000 	C:\Windows\SYSTEM32\kernel.appcore.dll
0x00007fffb1710000 - 0x00007fffb171a000 	c:\Users\consc\.vscode\extensions\redhat.java-1.11.0-win32-x64\jre\17.0.4.1-win32-x86_64\bin\jimage.dll
0x00007fffaad80000 - 0x00007fffaaf64000 	C:\Windows\SYSTEM32\DBGHELP.DLL
0x00007fffa0ee0000 - 0x00007fffa0f0c000 	C:\Windows\SYSTEM32\dbgcore.DLL
0x00007fffb6410000 - 0x00007fffb6492000 	C:\Windows\System32\bcryptPrimitives.dll
0x00007fffa4790000 - 0x00007fffa47b5000 	c:\Users\consc\.vscode\extensions\redhat.java-1.11.0-win32-x64\jre\17.0.4.1-win32-x86_64\bin\java.dll
0x00007fff949c0000 - 0x00007fff949d8000 	c:\Users\consc\.vscode\extensions\redhat.java-1.11.0-win32-x64\jre\17.0.4.1-win32-x86_64\bin\zip.dll
0x00007fffb79e0000 - 0x00007fffb8123000 	C:\Windows\System32\SHELL32.dll
0x00007fffb3cc0000 - 0x00007fffb4455000 	C:\Windows\SYSTEM32\windows.storage.dll
0x00007fffb6900000 - 0x00007fffb6c54000 	C:\Windows\System32\combase.dll
0x00007fffb55a0000 - 0x00007fffb55d0000 	C:\Windows\SYSTEM32\Wldp.dll
0x00007fffb6c70000 - 0x00007fffb6d1d000 	C:\Windows\System32\SHCORE.dll
0x00007fffb8450000 - 0x00007fffb84a5000 	C:\Windows\System32\shlwapi.dll
0x00007fffb5b50000 - 0x00007fffb5b6f000 	C:\Windows\SYSTEM32\profapi.dll
0x00007fff949a0000 - 0x00007fff949b9000 	C:\Users\consc\.vscode\extensions\redhat.java-1.11.0-win32-x64\jre\17.0.4.1-win32-x86_64\bin\net.dll
0x00007fffae200000 - 0x00007fffae30a000 	C:\Windows\SYSTEM32\WINHTTP.dll
0x00007fffb52a0000 - 0x00007fffb530a000 	C:\Windows\system32\mswsock.dll
0x00007fff94980000 - 0x00007fff94995000 	C:\Users\consc\.vscode\extensions\redhat.java-1.11.0-win32-x64\jre\17.0.4.1-win32-x86_64\bin\nio.dll
0x00007fffb1620000 - 0x00007fffb1630000 	c:\Users\consc\.vscode\extensions\redhat.java-1.11.0-win32-x64\jre\17.0.4.1-win32-x86_64\bin\verify.dll
0x00007fffa49a0000 - 0x00007fffa49a9000 	C:\Users\consc\.vscode\extensions\redhat.java-1.11.0-win32-x64\jre\17.0.4.1-win32-x86_64\bin\management.dll
0x00007fffa48f0000 - 0x00007fffa48fb000 	C:\Users\consc\.vscode\extensions\redhat.java-1.11.0-win32-x64\jre\17.0.4.1-win32-x86_64\bin\management_ext.dll
0x00007fff97610000 - 0x00007fff97627000 	C:\Windows\system32\napinsp.dll
0x00007fff975f0000 - 0x00007fff9760b000 	C:\Windows\system32\pnrpnsp.dll
0x00007fffb03b0000 - 0x00007fffb03c5000 	C:\Windows\system32\wshbth.dll
0x00007fffb1600000 - 0x00007fffb161d000 	C:\Windows\system32\NLAapi.dll
0x00007fffb4fb0000 - 0x00007fffb4feb000 	C:\Windows\SYSTEM32\IPHLPAPI.DLL
0x00007fffb4ff0000 - 0x00007fffb50ba000 	C:\Windows\SYSTEM32\DNSAPI.dll
0x00007fffb7540000 - 0x00007fffb7548000 	C:\Windows\System32\NSI.dll
0x00007fff97190000 - 0x00007fff971a2000 	C:\Windows\System32\winrnr.dll
0x00007fffadcf0000 - 0x00007fffadcfa000 	C:\Windows\System32\rasadhlp.dll
0x00007fffab080000 - 0x00007fffab100000 	C:\Windows\System32\fwpuclnt.dll
0x00007fffb64d0000 - 0x00007fffb64f7000 	C:\Windows\System32\bcrypt.dll
0x00007fffb54d0000 - 0x00007fffb54e8000 	C:\Windows\SYSTEM32\CRYPTSP.dll
0x00007fffb4c40000 - 0x00007fffb4c74000 	C:\Windows\system32\rsaenh.dll
0x00007fffb5ad0000 - 0x00007fffb5afe000 	C:\Windows\SYSTEM32\USERENV.dll
0x00007fffb5430000 - 0x00007fffb543c000 	C:\Windows\SYSTEM32\CRYPTBASE.dll
0x00007fffaea70000 - 0x00007fffaea87000 	C:\Windows\SYSTEM32\dhcpcsvc6.DLL
0x00007fffae5b0000 - 0x00007fffae5cd000 	C:\Windows\SYSTEM32\dhcpcsvc.DLL

dbghelp: loaded successfully - version: 4.0.5 - missing functions: none
symbol engine: initialized successfully - sym options: 0x614 - pdb path: .;c:\Users\consc\.vscode\extensions\redhat.java-1.11.0-win32-x64\jre\17.0.4.1-win32-x86_64\bin;C:\Windows\SYSTEM32;C:\Windows\WinSxS\amd64_microsoft.windows.common-controls_6595b64144ccf1df_6.0.19041.1110_none_60b5254171f9507e;c:\Users\consc\.vscode\extensions\redhat.java-1.11.0-win32-x64\jre\17.0.4.1-win32-x86_64\bin\server

VM Arguments:
jvm_args: -Dsts.lsp.client=vscode -Dsts.log.file=/dev/null -XX:TieredStopAtLevel=1 -Xlog:jni+resolve=off -Dspring.config.location=file:c:\Users\consc\.vscode\extensions\pivotal.vscode-spring-boot-1.39.0\language-server\BOOT-INF\classes\application.properties 
java_command: org.springframework.ide.vscode.boot.app.BootLanguageServerBootApp
java_class_path (initial): c:\Users\consc\.vscode\extensions\pivotal.vscode-spring-boot-1.39.0\language-server\BOOT-INF\classes;c:\Users\consc\.vscode\extensions\pivotal.vscode-spring-boot-1.39.0\language-server\BOOT-INF\lib\annotations-23.0.0.jar;c:\Users\consc\.vscode\extensions\pivotal.vscode-spring-boot-1.39.0\language-server\BOOT-INF\lib\antlr-runtime-3.5.2.jar;c:\Users\consc\.vscode\extensions\pivotal.vscode-spring-boot-1.39.0\language-server\BOOT-INF\lib\antlr4-4.9.3.jar;c:\Users\consc\.vscode\extensions\pivotal.vscode-spring-boot-1.39.0\language-server\BOOT-INF\lib\antlr4-runtime-4.9.3.jar;c:\Users\consc\.vscode\extensions\pivotal.vscode-spring-boot-1.39.0\language-server\BOOT-INF\lib\asm-9.3.jar;c:\Users\consc\.vscode\extensions\pivotal.vscode-spring-boot-1.39.0\language-server\BOOT-INF\lib\asm-analysis-9.3.jar;c:\Users\consc\.vscode\extensions\pivotal.vscode-spring-boot-1.39.0\language-server\BOOT-INF\lib\asm-tree-9.3.jar;c:\Users\consc\.vscode\extensions\pivotal.vscode-spring-boot-1.39.0\language-server\BOOT-INF\lib\asm-util-9.3.jar;c:\Users\consc\.vscode\extensions\pivotal.vscode-spring-boot-1.39.0\language-server\BOOT-INF\lib\byte-buddy-1.12.13.jar;c:\Users\consc\.vscode\extensions\pivotal.vscode-spring-boot-1.39.0\language-server\BOOT-INF\lib\caffeine-2.9.3.jar;c:\Users\consc\.vscode\extensions\pivotal.vscode-spring-boot-1.39.0\language-server\BOOT-INF\lib\checker-qual-3.12.0.jar;c:\Users\consc\.vscode\extensions\pivotal.vscode-spring-boot-1.39.0\language-server\BOOT-INF\lib\classgraph-4.8.149.jar;c:\Users\consc\.vscode\extensions\pivotal.vscode-spring-boot-1.39.0\language-server\BOOT-INF\lib\commons-codec-1.15.jar;c:\Users\consc\.vscode\extensions\pivotal.vscode-spring-boot-1.39.0\language-server\BOOT-INF\lib\commons-compress-1.21.jar;c:\Users\consc\.vscode\extensions\pivotal.vscode-spring-boot-1.39.0\language-server\BOOT-INF\lib\commons-exec-1.3.jar;c:\Users\consc\.vscode\extensions\pivotal.vscode-spring-boot-1.39.0\language-server\BOOT-INF\lib\com
Launcher Type: SUN_STANDARD

[Global flags]
     intx CICompilerCount                          = 4                                         {product} {ergonomic}
     uint ConcGCThreads                            = 2                                         {product} {ergonomic}
     uint G1ConcRefinementThreads                  = 8                                         {product} {ergonomic}
   size_t G1HeapRegionSize                         = 1048576                                   {product} {ergonomic}
    uintx GCDrainStackTargetSize                   = 64                                        {product} {ergonomic}
   size_t InitialHeapSize                          = 100663296                                 {product} {ergonomic}
   size_t MarkStackSize                            = 4194304                                   {product} {ergonomic}
   size_t MaxHeapSize                              = 1598029824                                {product} {ergonomic}
   size_t MaxNewSize                               = 958398464                                 {product} {ergonomic}
   size_t MinHeapDeltaBytes                        = 1048576                                   {product} {ergonomic}
   size_t MinHeapSize                              = 8388608                                   {product} {ergonomic}
    uintx NonProfiledCodeHeapSize                  = 0                                      {pd product} {ergonomic}
     bool ProfileInterpreter                       = false                                  {pd product} {command line}
    uintx ProfiledCodeHeapSize                     = 0                                      {pd product} {ergonomic}
   size_t SoftMaxHeapSize                          = 1598029824                             {manageable} {ergonomic}
     intx TieredStopAtLevel                        = 1                                         {product} {command line}
     bool UseCompressedClassPointers               = true                           {product lp64_product} {ergonomic}
     bool UseCompressedOops                        = true                           {product lp64_product} {ergonomic}
     bool UseG1GC                                  = true                                      {product} {ergonomic}
     bool UseLargePagesIndividualAllocation        = false                                  {pd product} {ergonomic}

Logging:
Log output configuration:
 #0: stdout all=warning,jni+resolve=off uptime,level,tags
 #1: stderr all=off uptime,level,tags

Environment Variables:
PATH=C:\Gradle\gradle-7.5.1\bin;C:\Python310\Scripts\;C:\Python310\;C:\Python39\Scripts\;C:\Python39\;C:\Windows\system32;C:\Windows;C:\Windows\System32\Wbem;C:\Windows\System32\WindowsPowerShell\v1.0\;C:\Windows\System32\OpenSSH\;C:\ProgramData\chocolatey\bin;C:\Users\consc\AppData\Roaming\nvm;C:\Program Files\nodejs;C:\Program Files\RedHat\java-1.8.0-openjdk-1.8.0.322-2\bin;C:\Program Files\RedHat\java-1.8.0-openjdk-1.8.0.322-2\jre\bin;C:\Program Files\nodejs1\;C:\Program Files\dotnet\;C:\Program Files\Git\cmd;;C:\Program Files\Docker\Docker\resources\bin;C:\ProgramData\DockerDesktop\version-bin;C:\Users\consc\AppData\Local\Programs\Python\Python39\Scripts\;C:\Users\consc\AppData\Local\Programs\Python\Python39\;C:\Users\consc\.windows-build-tools\python27\;C:\Users\consc\AppData\Roaming\npm\node_modules\windows-build-tools\node_modules\.bin;C:\Users\consc\AppData\Roaming\npm\node_modules\node_modules\.bin;C:\Users\consc\AppData\Roaming\npm\node_modules\.bin;C:\Users\consc\AppData\Roaming\node_modules\.bin;C:\Users\consc\AppData\node_modules\.bin;C:\Users\consc\node_modules\.bin;C:\Users\node_modules\.bin;C:\node_modules\.bin;C:\Users\consc\AppData\Roaming\npm\node_modules\npm\node_modules\@npmcli\run-script\lib\node-gyp-bin;C:\Python39\Scripts\;C:\Python39\;C:\Windows\system32;C:\Windows;C:\Windows\System32\Wbem;C:\Windows\System32\WindowsPowerShell\v1.0\;C:\Windows\System32\OpenSSH\;C:\ProgramData\chocolatey\bin;C:\Program Files\Git\cmd;C:\Program Files\dotnet\;C:\Users\consc\AppData\Local\Microsoft\WindowsApps;C:\Users\consc\AppData\Local\Programs\Microsoft VS Code\bin;C:\Users\consc\.dotnet\tools;C:\Users\consc\AppData\Roaming\nvm;C:\Program Files\nodejs;C:\Users\consc\.dotnet\tools;C:\Users\consc\AppData\Roaming\npm
USERNAME=consc
OS=Windows_NT
PROCESSOR_IDENTIFIER=AMD64 Family 23 Model 24 Stepping 1, AuthenticAMD
TMP=C:\Users\consc\AppData\Local\Temp
TEMP=C:\Users\consc\AppData\Local\Temp



---------------  S Y S T E M  ---------------

OS:
 Windows 10 , 64 bit Build 19041 (10.0.19041.1889)
OS uptime: 1 days 21:57 hours
Hyper-V role detected

CPU: total 8 (initial active 8) (8 cores per cpu, 2 threads per core) family 23 model 24 stepping 1 microcode 0x0, cx8, cmov, fxsr, ht, mmx, 3dnowpref, sse, sse2, sse3, ssse3, sse4a, sse4.1, sse4.2, popcnt, lzcnt, tsc, tscinvbit, avx, avx2, aes, clmul, bmi1, bmi2, adx, sha, fma, vzeroupper, clflush, clflushopt, hv

Memory: 4k page, system-wide physical 6091M (399M free)
TotalPageFile size 24523M (AvailPageFile size 6M)
current process WorkingSet (physical memory assigned to process): 51M, peak: 646M
current process commit charge ("private bytes"): 221M, peak: 730M

vm_info: OpenJDK 64-Bit Server VM (17.0.4.1+1) for windows-amd64 JRE (17.0.4.1+1), built on Aug 17 2022 07:42:43 by "temurin" with MS VC++ 16.7 (VS2019)

END.
